# Logfile created on 2015-07-16 12:34:30 +0200 by logger.rb/v1.2.7
I, [2015-07-16T12:35:36.258000 #10832]  INFO -- : skipping 'Linuxgames.com geht offline' (4670 at http://www.holarse-linuxgaming.de) auf test
I, [2015-07-16T12:35:36.266000 #10832]  INFO -- : skipping 'POSTAL 2: Linuxversion jetzt mit Steam Workshop und Steam Errungenschaften' (4665 at http://www.holarse-linuxgaming.de) auf test
I, [2015-07-16T12:35:36.273000 #10832]  INFO -- : skipping 'Introversion spricht über den Linuxspiele-Markt' (4663 at http://www.holarse-linuxgaming.de) auf test
I, [2015-07-16T12:35:36.283000 #10832]  INFO -- : skipping 'America's Army erwägt erneuten Linux-Support' (4661 at http://www.holarse-linuxgaming.de) auf test
I, [2015-07-16T12:35:36.290000 #10832]  INFO -- : skipping 'Auch Anomaly Warzone Earth kostenlos bei GamesRepublic' (4655 at http://www.holarse-linuxgaming.de) auf test
I, [2015-07-16T12:35:36.296000 #10832]  INFO -- : skipping 'Unvanquished Alpha 41' (4654 at http://www.holarse-linuxgaming.de) auf test
I, [2015-07-16T12:35:36.303000 #10832]  INFO -- : skipping 'Motorräder und Bären - 7 Days to Die erhält dickes Update und ärgert Linuxer (Update)' (4653 at http://www.holarse-linuxgaming.de) auf test
I, [2015-07-16T12:35:36.310000 #10832]  INFO -- : skipping 'Humble Weekly Bundle: Leading Ladies 2 mit 4 Linux Spielen' (4650 at http://www.holarse-linuxgaming.de) auf test
I, [2015-07-16T12:35:36.316000 #10832]  INFO -- : skipping 'ARK: Survival Evolved ist für Linux erschienen' (4649 at http://www.holarse-linuxgaming.de) auf test
I, [2015-07-16T12:35:36.322000 #10832]  INFO -- : skipping 'ARK: Survival Evolved sucht Linux-Tester' (4646 at http://www.holarse-linuxgaming.de) auf test
I, [2015-07-16T12:35:49.939000 #10879]  INFO -- : skipping 'Linuxgames.com geht offline' (4670 at http://www.holarse-linuxgaming.de) auf test
I, [2015-07-16T12:35:49.947000 #10879]  INFO -- : skipping 'POSTAL 2: Linuxversion jetzt mit Steam Workshop und Steam Errungenschaften' (4665 at http://www.holarse-linuxgaming.de) auf test
I, [2015-07-16T12:35:49.954000 #10879]  INFO -- : skipping 'Introversion spricht über den Linuxspiele-Markt' (4663 at http://www.holarse-linuxgaming.de) auf test
I, [2015-07-16T12:35:49.961000 #10879]  INFO -- : skipping 'America's Army erwägt erneuten Linux-Support' (4661 at http://www.holarse-linuxgaming.de) auf test
I, [2015-07-16T12:35:49.968000 #10879]  INFO -- : skipping 'Auch Anomaly Warzone Earth kostenlos bei GamesRepublic' (4655 at http://www.holarse-linuxgaming.de) auf test
I, [2015-07-16T12:35:49.974000 #10879]  INFO -- : skipping 'Unvanquished Alpha 41' (4654 at http://www.holarse-linuxgaming.de) auf test
I, [2015-07-16T12:35:49.981000 #10879]  INFO -- : skipping 'Motorräder und Bären - 7 Days to Die erhält dickes Update und ärgert Linuxer (Update)' (4653 at http://www.holarse-linuxgaming.de) auf test
I, [2015-07-16T12:35:49.988000 #10879]  INFO -- : skipping 'Humble Weekly Bundle: Leading Ladies 2 mit 4 Linux Spielen' (4650 at http://www.holarse-linuxgaming.de) auf test
I, [2015-07-16T12:35:49.995000 #10879]  INFO -- : skipping 'ARK: Survival Evolved ist für Linux erschienen' (4649 at http://www.holarse-linuxgaming.de) auf test
I, [2015-07-16T12:35:50.002000 #10879]  INFO -- : skipping 'ARK: Survival Evolved sucht Linux-Tester' (4646 at http://www.holarse-linuxgaming.de) auf test
